#
# There is insufficient memory for the Java Runtime Environment to continue.
# Native memory allocation (mmap) failed to map 255852544 bytes for G1 virtual space
# Possible reasons:
#   The system is out of physical RAM or swap space
#   The process is running with CompressedOops enabled, and the Java Heap may be blocking the growth of the native heap
# Possible solutions:
#   Reduce memory load on the system
#   Increase physical memory or swap space
#   Check if swap backing store is full
#   Decrease Java heap size (-Xmx/-Xms)
#   Decrease number of Java threads
#   Decrease Java thread stack sizes (-Xss)
#   Set larger code cache with -XX:ReservedCodeCacheSize=
#   JVM is running with Zero Based Compressed Oops mode in which the Java heap is
#     placed in the first 32GB address space. The Java Heap base address is the
#     maximum limit for the native heap growth. Please use -XX:HeapBaseMinAddress
#     to set the Java Heap base and to place the Java Heap above 32GB virtual address.
# This output file may be truncated or incomplete.
#
#  Out of Memory Error (os_windows.cpp:3548), pid=22392, tid=3432
#
# JRE version:  (17.0.10+11) (build )
# Java VM: Java HotSpot(TM) 64-Bit Server VM (17.0.10+11-LTS-240, mixed mode, sharing, tiered, compressed oops, compressed class ptrs, g1 gc, windows-amd64)
# No core dump will be written. Minidumps are not enabled by default on client versions of Windows
#

---------------  S U M M A R Y ------------

Command Line: org.jetbrains.kotlin.cli.jvm.K2JVMCompiler @C:\Users\FPT\Project\Mobile\ReactNative\SmartFinance\node_modules\react-native-gesture-handler\android\build\20240418_13443556210823158528.compiler.options

Host: AMD Ryzen 7 6800H with Radeon Graphics         , 16 cores, 15G,  Windows 11 , 64 bit Build 22621 (10.0.22621.3374)
Time: Thu Apr 18 16:11:33 2024 SE Asia Standard Time elapsed time: 0.009902 seconds (0d 0h 0m 0s)

---------------  T H R E A D  ---------------

Current thread (0x000001d68ff6b090):  JavaThread "Unknown thread" [_thread_in_vm, id=3432, stack(0x0000005301d00000,0x0000005301e00000)]

Stack: [0x0000005301d00000,0x0000005301e00000]
Native frames: (J=compiled Java code, j=interpreted, Vv=VM code, C=native code)
V  [jvm.dll+0x677a5a]
V  [jvm.dll+0x7d8b2d]
V  [jvm.dll+0x7da48e]
V  [jvm.dll+0x7daaf3]
V  [jvm.dll+0x2455ff]
V  [jvm.dll+0x6749b9]
V  [jvm.dll+0x669382]
V  [jvm.dll+0x302e96]
V  [jvm.dll+0x30a416]
V  [jvm.dll+0x359cbe]
V  [jvm.dll+0x359eef]
V  [jvm.dll+0x2d9e88]
V  [jvm.dll+0x2dadf4]
V  [jvm.dll+0x7aa551]
V  [jvm.dll+0x367911]
V  [jvm.dll+0x789639]
V  [jvm.dll+0x3eb30f]
V  [jvm.dll+0x3ecd91]
C  [jli.dll+0x5297]
C  [ucrtbase.dll+0x29333]
C  [KERNEL32.DLL+0x1257d]
C  [ntdll.dll+0x5aa48]


---------------  P R O C E S S  ---------------

Threads class SMR info:
_java_thread_list=0x00007ffce4376a18, length=0, elements={
}

Java Threads: ( => current thread )

Other Threads:
  0x000001d68ffd41c0 GCTaskThread "GC Thread#0" [stack: 0x0000005301e00000,0x0000005301f00000] [id=5620]
  0x000001d68ffe4510 ConcurrentGCThread "G1 Main Marker" [stack: 0x0000005301f00000,0x0000005302000000] [id=8876]
  0x000001d68ffe75d0 ConcurrentGCThread "G1 Conc#0" [stack: 0x0000005302000000,0x0000005302100000] [id=24448]

[error occurred during error reporting (printing all threads), id 0xc0000005, EXCEPTION_ACCESS_VIOLATION (0xc0000005) at pc=0x00007ffce3baaae7]

VM state: not at safepoint (not fully initialized)

VM Mutex/Monitor currently owned by a thread:  ([mutex/lock_event])
[0x000001d68ff66fc0] Heap_lock - owner thread: 0x000001d68ff6b090

Heap address: 0x000000070c000000, size: 3904 MB, Compressed Oops mode: Zero based, Oop shift amount: 3

CDS archive(s) mapped at: [0x0000000000000000-0x0000000000000000-0x0000000000000000), size 0, SharedBaseAddress: 0x0000000800000000, ArchiveRelocationMode: 1.
Narrow klass base: 0x0000000000000000, Narrow klass shift: 0, Narrow klass range: 0x0

GC Precious Log:
<Empty>

Heap:
 garbage-first heap   total 0K, used 0K [0x000000070c000000, 0x0000000800000000)
  region size 2048K, 0 young (0K), 0 survivors (0K)

[error occurred during error reporting (printing heap information), id 0xc0000005, EXCEPTION_ACCESS_VIOLATION (0xc0000005) at pc=0x00007ffce3f91249]

GC Heap History (0 events):
No events

Deoptimization events (0 events):
No events

Classes unloaded (0 events):
No events

Classes redefined (0 events):
No events

Internal exceptions (0 events):
No events

VM Operations (0 events):
No events

Events (1 events):
Event: 0.006 Loaded shared library C:\Users\FPT\AppData\Local\jdk-17\bin\java.dll


Dynamic libraries:
0x00007ff7ee910000 - 0x00007ff7ee920000 	C:\Users\FPT\AppData\Local\jdk-17\bin\java.exe
0x00007ffd7ca90000 - 0x00007ffd7cca6000 	C:\WINDOWS\SYSTEM32\ntdll.dll
0x00007ffd7b870000 - 0x00007ffd7b934000 	C:\WINDOWS\System32\KERNEL32.DLL
0x00007ffd7a0c0000 - 0x00007ffd7a467000 	C:\WINDOWS\System32\KERNELBASE.dll
0x00007ffd7a590000 - 0x00007ffd7a6a1000 	C:\WINDOWS\System32\ucrtbase.dll
0x00007ffcfb200000 - 0x00007ffcfb219000 	C:\Users\FPT\AppData\Local\jdk-17\bin\jli.dll
0x00007ffcfc800000 - 0x00007ffcfc81b000 	C:\Users\FPT\AppData\Local\jdk-17\bin\VCRUNTIME140.dll
0x00007ffd7aad0000 - 0x00007ffd7ab82000 	C:\WINDOWS\System32\ADVAPI32.dll
0x00007ffd7baa0000 - 0x00007ffd7bb47000 	C:\WINDOWS\System32\msvcrt.dll
0x00007ffd7a7c0000 - 0x00007ffd7a868000 	C:\WINDOWS\System32\sechost.dll
0x00007ffd7a090000 - 0x00007ffd7a0b8000 	C:\WINDOWS\System32\bcrypt.dll
0x00007ffd7b750000 - 0x00007ffd7b865000 	C:\WINDOWS\System32\RPCRT4.dll
0x00007ffd7ab90000 - 0x00007ffd7ad3e000 	C:\WINDOWS\System32\USER32.dll
0x00007ffd79fe0000 - 0x00007ffd7a006000 	C:\WINDOWS\System32\win32u.dll
0x00007ffd63800000 - 0x00007ffd63a93000 	C:\WINDOWS\WinSxS\amd64_microsoft.windows.common-controls_6595b64144ccf1df_6.0.22621.3235_none_270f74e173860f98\COMCTL32.dll
0x00007ffd7c730000 - 0x00007ffd7c759000 	C:\WINDOWS\System32\GDI32.dll
0x00007ffd7a470000 - 0x00007ffd7a589000 	C:\WINDOWS\System32\gdi32full.dll
0x00007ffd7a6b0000 - 0x00007ffd7a74a000 	C:\WINDOWS\System32\msvcp_win.dll
0x00007ffd71090000 - 0x00007ffd7109a000 	C:\WINDOWS\SYSTEM32\VERSION.dll
0x00007ffd7ad40000 - 0x00007ffd7ad71000 	C:\WINDOWS\System32\IMM32.DLL
0x00007ffd69fd0000 - 0x00007ffd69fdc000 	C:\Users\FPT\AppData\Local\jdk-17\bin\vcruntime140_1.dll
0x00007ffceae20000 - 0x00007ffceaeae000 	C:\Users\FPT\AppData\Local\jdk-17\bin\msvcp140.dll
0x00007ffce38c0000 - 0x00007ffce449f000 	C:\Users\FPT\AppData\Local\jdk-17\bin\server\jvm.dll
0x00007ffd7bb50000 - 0x00007ffd7bb58000 	C:\WINDOWS\System32\PSAPI.DLL
0x00007ffd4e6f0000 - 0x00007ffd4e6f9000 	C:\WINDOWS\SYSTEM32\WSOCK32.dll
0x00007ffd72130000 - 0x00007ffd72164000 	C:\WINDOWS\SYSTEM32\WINMM.dll
0x00007ffd7a870000 - 0x00007ffd7a8e1000 	C:\WINDOWS\System32\WS2_32.dll
0x00007ffd78db0000 - 0x00007ffd78dc8000 	C:\WINDOWS\SYSTEM32\kernel.appcore.dll
0x00007ffd67ed0000 - 0x00007ffd67eda000 	C:\Users\FPT\AppData\Local\jdk-17\bin\jimage.dll
0x00007ffd70400000 - 0x00007ffd70633000 	C:\WINDOWS\SYSTEM32\DBGHELP.DLL
0x00007ffd7c060000 - 0x00007ffd7c3e8000 	C:\WINDOWS\System32\combase.dll
0x00007ffd7a8f0000 - 0x00007ffd7a9c7000 	C:\WINDOWS\System32\OLEAUT32.dll
0x00007ffd6fd10000 - 0x00007ffd6fd42000 	C:\WINDOWS\SYSTEM32\dbgcore.DLL
0x00007ffd7a010000 - 0x00007ffd7a089000 	C:\WINDOWS\System32\bcryptPrimitives.dll
0x00007ffced880000 - 0x00007ffced8a5000 	C:\Users\FPT\AppData\Local\jdk-17\bin\java.dll

dbghelp: loaded successfully - version: 4.0.5 - missing functions: none
symbol engine: initialized successfully - sym options: 0x614 - pdb path: .;C:\Users\FPT\AppData\Local\jdk-17\bin;C:\WINDOWS\SYSTEM32;C:\WINDOWS\WinSxS\amd64_microsoft.windows.common-controls_6595b64144ccf1df_6.0.22621.3235_none_270f74e173860f98;C:\Users\FPT\AppData\Local\jdk-17\bin\server

VM Arguments:
java_command: org.jetbrains.kotlin.cli.jvm.K2JVMCompiler @C:\Users\FPT\Project\Mobile\ReactNative\SmartFinance\node_modules\react-native-gesture-handler\android\build\20240418_13443556210823158528.compiler.options
java_class_path (initial): C:\Users\FPT\.gradle\caches\modules-2\files-2.1\org.jetbrains.kotlin\kotlin-compiler-embeddable\1.8.0\eb9118d4bcceaa2a94b2ae2a33a4ddba7c9a947f\kotlin-compiler-embeddable-1.8.0.jar;C:\Users\FPT\.gradle\caches\modules-2\files-2.1\org.jetbrains.kotlin\kotlin-stdlib\1.8.0\1796921c7a3e2e2665a83e6c8d33399336cd39bc\kotlin-stdlib-1.8.0.jar;C:\Users\FPT\.gradle\caches\modules-2\files-2.1\org.jetbrains.kotlin\kotlin-script-runtime\1.8.0\b2f7e760d283cb339974851c222a4c1d48f2d3d\kotlin-script-runtime-1.8.0.jar;C:\Users\FPT\.gradle\caches\modules-2\files-2.1\org.jetbrains.kotlin\kotlin-reflect\1.6.10\1cbe9c92c12a94eea200d23c2bbaedaf3daf5132\kotlin-reflect-1.6.10.jar;C:\Users\FPT\.gradle\caches\modules-2\files-2.1\org.jetbrains.kotlin\kotlin-daemon-embeddable\1.8.0\d255216c551685dc3a7e852b53617f5f01aaaa5c\kotlin-daemon-embeddable-1.8.0.jar;C:\Users\FPT\.gradle\caches\modules-2\files-2.1\org.jetbrains.intellij.deps\trove4j\1.0.20200330\3afb14d5f9ceb459d724e907a21145e8ff394f02\trove4j-1.0.20200330.jar;C:\Users\FPT\.gradle\caches\modules-2\files-2.1\net.java.dev.jna\jna\5.6.0\330f2244e9030119ab3030fc3fededc86713d9cc\jna-5.6.0.jar;C:\Users\FPT\.gradle\caches\modules-2\files-2.1\org.jetbrains.kotlin\kotlin-stdlib-common\1.8.0\f7197e7cc76453ac59f8b0f8d5137cc600becd36\kotlin-stdlib-common-1.8.0.jar;C:\Users\FPT\.gradle\caches\modules-2\files-2.1\org.jetbrains\annotations\13.0\919f0dfe192fb4e063e7dacadee7f8bb9a2672a9\annotations-13.0.jar
Launcher Type: SUN_STANDARD

[Global flags]
     intx CICompilerCount                          = 12                                        {product} {ergonomic}
     uint ConcGCThreads                            = 3                                         {product} {ergonomic}
     uint G1ConcRefinementThreads                  = 13                                        {product} {ergonomic}
   size_t G1HeapRegionSize                         = 2097152                                   {product} {ergonomic}
    uintx GCDrainStackTargetSize                   = 64                                        {product} {ergonomic}
   size_t InitialHeapSize                          = 255852544                                 {product} {ergonomic}
   size_t MarkStackSize                            = 4194304                                   {product} {ergonomic}
   size_t MaxHeapSize                              = 4093640704                                {product} {ergonomic}
   size_t MinHeapDeltaBytes                        = 2097152                                   {product} {ergonomic}
   size_t MinHeapSize                              = 8388608                                   {product} {ergonomic}
    uintx NonNMethodCodeHeapSize                   = 7602480                                {pd product} {ergonomic}
    uintx NonProfiledCodeHeapSize                  = 122027880                              {pd product} {ergonomic}
    uintx ProfiledCodeHeapSize                     = 122027880                              {pd product} {ergonomic}
    uintx ReservedCodeCacheSize                    = 251658240                              {pd product} {ergonomic}
     bool SegmentedCodeCache                       = true                                      {product} {ergonomic}
   size_t SoftMaxHeapSize                          = 4093640704                             {manageable} {ergonomic}
     bool UseCompressedClassPointers               = true                           {product lp64_product} {ergonomic}
     bool UseCompressedOops                        = true                           {product lp64_product} {ergonomic}
     bool UseG1GC                                  = true                                      {product} {ergonomic}
     bool UseLargePagesIndividualAllocation        = false                                  {pd product} {ergonomic}

Logging:
Log output configuration:
 #0: stdout all=warning uptime,level,tags
 #1: stderr all=off uptime,level,tags

Environment Variables:
JAVA_HOME=C:\Users\FPT\AppData\Local\jdk-17
CLASSPATH=C:\Users\FPT\Project\Mobile\ReactNative\SmartFinance\android\\gradle\wrapper\gradle-wrapper.jar
PATH=C:\Users\FPT\Project\Mobile\ReactNative\SmartFinance\node_modules\.bin;C:\Users\FPT\Project\Mobile\ReactNative\SmartFinance\node_modules\.bin;C:\Users\FPT\Project\Mobile\ReactNative\node_modules\.bin;C:\Users\FPT\Project\Mobile\node_modules\.bin;C:\Users\FPT\Project\node_modules\.bin;C:\Users\FPT\node_modules\.bin;C:\Users\node_modules\.bin;C:\node_modules\.bin;C:\Users\FPT\AppData\Roaming\nvm\v20.5.0\node_modules\npm\node_modules\@npmcli\run-script\lib\node-gyp-bin;C:\Program Files\Common Files\Oracle\Java\javapath;C:\Windows\system32;C:\Windows;C:\Windows\System32\Wbem;C:\Windows\System32\WindowsPowerShell\v1.0\;C:\Windows\System32\OpenSSH\;C:\Program Files (x86)\NVIDIA Corporation\PhysX\Common;C:\Program Files\NVIDIA Corporation\NVIDIA NvDLISR;C:\Program Files\dotnet\;C:\Program Files\Git\cmd;C:\WINDOWS\system32;C:\WINDOWS;C:\WINDOWS\System32\Wbem;C:\WINDOWS\System32\WindowsPowerShell\v1.0\;C:\WINDOWS\System32\OpenSSH\;C:\Program Files (x86)\Microsoft SQL Server\160\Tools\Binn\;C:\Program Files\Microsoft SQL Server\160\Tools\Binn\;C:\Program Files\Microsoft SQL Server\Client SDK\ODBC\170\Tools\Binn\;C:\Program Files\Microsoft SQL Server\160\DTS\Binn\;C:\Program Files (x86)\Microsoft SQL Server\160\DTS\Binn\;C:\Program Files\Azure Data Studio\bin;C:\Program Files\Microsoft SQL Server\150\Tools\Binn\;C:\Program Files (x86)\mingw-w64\i686-8.1.0-release-posix-dwarf-rt_v6-rev0\mingw32\bin;C:\Users\FPT\AppData\Roaming\nvm;C:\Program Files\nodejs;C:\Program Files\Docker\Docker\resources\bin;C:\ProgramData\chocolatey\bin;C:\Users\FPT\AppData\Local\Android\Sdk\platform-tools;C:\ProgramData\chocolatey\lib\gradle\tools\gradle-8.6\bin;C:\Users\FPT\flutter_windows_3.19.2-stable\flutter\bin;C:\Users\FPT\AppData\Local\Android\Sdk\tools;C:\Users\FPT\AppData\Local\jdk-11.0.2\bin;C:\Users\FPT\AppData\Local\Microsoft\WindowsApps;C:\Users\FPT\AppData\Local\Programs\Microsoft VS Code\bin;C:\Users\FPT\.dotnet\tools;C:\Program Files\Azure Data Studio\bin;C:\Users\FPT\AppData\Roaming\
USERNAME=FPT
LANG=en_US.UTF-8
OS=Windows_NT
PROCESSOR_IDENTIFIER=AMD64 Family 25 Model 68 Stepping 1, AuthenticAMD



---------------  S Y S T E M  ---------------

OS:
 Windows 11 , 64 bit Build 22621 (10.0.22621.3374)
OS uptime: 7 days 15:51 hours
Hyper-V role detected

CPU: total 16 (initial active 16) (16 cores per cpu, 2 threads per core) family 25 model 68 stepping 1 microcode 0x0, cx8, cmov, fxsr, ht, mmx, 3dnowpref, sse, sse2, sse3, ssse3, sse4a, sse4.1, sse4.2, popcnt, lzcnt, tsc, tscinvbit, avx, avx2, aes, clmul, bmi1, bmi2, adx, sha, fma, vzeroupper, clflush, clflushopt, hv

Memory: 4k page, system-wide physical 15613M (265M free)
TotalPageFile size 62717M (AvailPageFile size 240M)
current process WorkingSet (physical memory assigned to process): 11M, peak: 11M
current process commit charge ("private bytes"): 70M, peak: 314M

vm_info: Java HotSpot(TM) 64-Bit Server VM (17.0.10+11-LTS-240) for windows-amd64 JRE (17.0.10+11-LTS-240), built on Dec 19 2023 21:47:25 by "mach5one" with MS VC++ 17.1 (VS2022)

END.
